<?xml version="1.0" encoding="UTF-8"?>
<testng-results ignored="0" total="1" passed="1" failed="0" skipped="0">
  <reporter-output>
  </reporter-output>
  <suite started-at="2023-11-27T15:43:13 IST" name="suite" finished-at="2023-11-27T15:43:36 IST" duration-ms="22943">
    <groups>
    </groups>
    <test started-at="2023-11-27T15:43:13 IST" name="Test" finished-at="2023-11-27T15:43:36 IST" duration-ms="22943">
      <class name="docker.ushop">
        <test-method signature="shop()[pri:0, instance:docker.ushop@49ec71f8]" started-at="2023-11-27T15:43:14 IST" name="shop" finished-at="2023-11-27T15:43:36 IST" duration-ms="22895" status="PASS">
          <reporter-output>
          </reporter-output>
        </test-method> <!-- shop -->
      </class> <!-- docker.ushop -->
    </test> <!-- Test -->
  </suite> <!-- suite -->
</testng-results>
